<?xml version="1.0" encoding="UTF-8"?>
<testsuite name="com.example.blackbell_user.BlackbellUserApplicationTests" tests="1" skipped="0" failures="0" errors="0" timestamp="2023-06-18T07:02:23" hostname="CHESHIRE_CAT" time="0.278">
  <properties/>
  <testcase name="contextLoads()" classname="com.example.blackbell_user.BlackbellUserApplicationTests" time="0.278"/>
  <system-out><![CDATA[16:02:20.073 [Test worker] DEBUG org.springframework.test.context.BootstrapUtils - Instantiating CacheAwareContextLoaderDelegate from class [org.springframework.test.context.cache.DefaultCacheAwareContextLoaderDelegate]
16:02:20.081 [Test worker] DEBUG org.springframework.test.context.BootstrapUtils - Instantiating BootstrapContext using constructor [public org.springframework.test.context.support.DefaultBootstrapContext(java.lang.Class,org.springframework.test.context.CacheAwareContextLoaderDelegate)]
16:02:20.106 [Test worker] DEBUG org.springframework.test.context.BootstrapUtils - Instantiating TestContextBootstrapper for test class [com.example.blackbell_user.BlackbellUserApplicationTests] from class [org.springframework.boot.test.context.SpringBootTestContextBootstrapper]
16:02:20.117 [Test worker] INFO org.springframework.boot.test.context.SpringBootTestContextBootstrapper - Neither @ContextConfiguration nor @ContextHierarchy found for test class [com.example.blackbell_user.BlackbellUserApplicationTests], using SpringBootContextLoader
16:02:20.120 [Test worker] DEBUG org.springframework.test.context.support.AbstractContextLoader - Did not detect default resource location for test class [com.example.blackbell_user.BlackbellUserApplicationTests]: class path resource [com/example/blackbell_user/BlackbellUserApplicationTests-context.xml] does not exist
16:02:20.121 [Test worker] DEBUG org.springframework.test.context.support.AbstractContextLoader - Did not detect default resource location for test class [com.example.blackbell_user.BlackbellUserApplicationTests]: class path resource [com/example/blackbell_user/BlackbellUserApplicationTestsContext.groovy] does not exist
16:02:20.121 [Test worker] INFO org.springframework.test.context.support.AbstractContextLoader - Could not detect default resource locations for test class [com.example.blackbell_user.BlackbellUserApplicationTests]: no resource found for suffixes {-context.xml, Context.groovy}.
16:02:20.121 [Test worker] INFO org.springframework.test.context.support.AnnotationConfigContextLoaderUtils - Could not detect default configuration classes for test class [com.example.blackbell_user.BlackbellUserApplicationTests]: BlackbellUserApplicationTests does not declare any static, non-private, non-final, nested classes annotated with @Configuration.
16:02:20.150 [Test worker] DEBUG org.springframework.test.context.support.ActiveProfilesUtils - Could not find an 'annotation declaring class' for annotation type [org.springframework.test.context.ActiveProfiles] and class [com.example.blackbell_user.BlackbellUserApplicationTests]
16:02:20.194 [Test worker] DEBUG org.springframework.context.annotation.ClassPathScanningCandidateComponentProvider - Identified candidate component class: file [C:\Users\am23a\Black_Bell\blackbell_user\build\classes\java\main\com\example\blackbell_user\BlackbellUserApplication.class]
16:02:20.195 [Test worker] INFO org.springframework.boot.test.context.SpringBootTestContextBootstrapper - Found @SpringBootConfiguration com.example.blackbell_user.BlackbellUserApplication for test class com.example.blackbell_user.BlackbellUserApplicationTests
16:02:20.294 [Test worker] DEBUG org.springframework.boot.test.context.SpringBootTestContextBootstrapper - @TestExecutionListeners is not present for class [com.example.blackbell_user.BlackbellUserApplicationTests]: using defaults.
16:02:20.295 [Test worker] INFO org.springframework.boot.test.context.SpringBootTestContextBootstrapper - Loaded default TestExecutionListener class names from location [META-INF/spring.factories]: [org.springframework.boot.test.autoconfigure.restdocs.RestDocsTestExecutionListener, org.springframework.boot.test.autoconfigure.web.client.MockRestServiceServerResetTestExecutionListener, org.springframework.boot.test.autoconfigure.web.servlet.MockMvcPrintOnlyOnFailureTestExecutionListener, org.springframework.boot.test.autoconfigure.web.servlet.WebDriverTestExecutionListener, org.springframework.boot.test.autoconfigure.webservices.client.MockWebServiceServerTestExecutionListener, org.springframework.boot.test.mock.mockito.MockitoTestExecutionListener, org.springframework.boot.test.mock.mockito.ResetMocksTestExecutionListener, org.springframework.test.context.web.ServletTestExecutionListener, org.springframework.test.context.support.DirtiesContextBeforeModesTestExecutionListener, org.springframework.test.context.event.ApplicationEventsTestExecutionListener, org.springframework.test.context.support.DependencyInjectionTestExecutionListener, org.springframework.test.context.support.DirtiesContextTestExecutionListener, org.springframework.test.context.transaction.TransactionalTestExecutionListener, org.springframework.test.context.jdbc.SqlScriptsTestExecutionListener, org.springframework.test.context.event.EventPublishingTestExecutionListener]
16:02:20.304 [Test worker] DEBUG org.springframework.boot.test.context.SpringBootTestContextBootstrapper - Skipping candidate TestExecutionListener [org.springframework.test.context.transaction.TransactionalTestExecutionListener] due to a missing dependency. Specify custom listener classes or make the default listener classes and their required dependencies available. Offending class: [org/springframework/transaction/interceptor/TransactionAttributeSource]
16:02:20.304 [Test worker] DEBUG org.springframework.boot.test.context.SpringBootTestContextBootstrapper - Skipping candidate TestExecutionListener [org.springframework.test.context.jdbc.SqlScriptsTestExecutionListener] due to a missing dependency. Specify custom listener classes or make the default listener classes and their required dependencies available. Offending class: [org/springframework/transaction/interceptor/TransactionAttribute]
16:02:20.304 [Test worker] INFO org.springframework.boot.test.context.SpringBootTestContextBootstrapper - Using TestExecutionListeners: [org.springframework.test.context.web.ServletTestExecutionListener@214894fc, org.springframework.test.context.support.DirtiesContextBeforeModesTestExecutionListener@10567255, org.springframework.test.context.event.ApplicationEventsTestExecutionListener@e362c57, org.springframework.boot.test.mock.mockito.MockitoTestExecutionListener@1c4ee95c, org.springframework.boot.test.autoconfigure.SpringBootDependencyInjectionTestExecutionListener@79c4715d, org.springframework.test.context.support.DirtiesContextTestExecutionListener@5aa360ea, org.springframework.test.context.event.EventPublishingTestExecutionListener@6548bb7d, org.springframework.boot.test.autoconfigure.restdocs.RestDocsTestExecutionListener@e27ba81, org.springframework.boot.test.autoconfigure.web.client.MockRestServiceServerResetTestExecutionListener@54336c81, org.springframework.boot.test.autoconfigure.web.servlet.MockMvcPrintOnlyOnFailureTestExecutionListener@1556f2dd, org.springframework.boot.test.autoconfigure.web.servlet.WebDriverTestExecutionListener@35e52059, org.springframework.boot.test.autoconfigure.webservices.client.MockWebServiceServerTestExecutionListener@62577d6, org.springframework.boot.test.mock.mockito.ResetMocksTestExecutionListener@49bd54f7]
16:02:20.307 [Test worker] DEBUG org.springframework.test.context.support.AbstractDirtiesContextTestExecutionListener - Before test class: context [DefaultTestContext@3ee39da0 testClass = BlackbellUserApplicationTests, testInstance = [null], testMethod = [null], testException = [null], mergedContextConfiguration = [WebMergedContextConfiguration@5d332969 testClass = BlackbellUserApplicationTests, locations = '{}', classes = '{class com.example.blackbell_user.BlackbellUserApplication}', contextInitializerClasses = '[]', activeProfiles = '{}', propertySourceLocations = '{}', propertySourceProperties = '{org.springframework.boot.test.context.SpringBootTestContextBootstrapper=true}', contextCustomizers = set[org.springframework.boot.test.autoconfigure.actuate.metrics.MetricsExportContextCustomizerFactory$DisableMetricExportContextCustomizer@30bcf3c1, org.springframework.boot.test.autoconfigure.properties.PropertyMappingContextCustomizer@0, org.springframework.boot.test.autoconfigure.web.servlet.WebDriverContextCustomizerFactory$Customizer@22b53226, org.springframework.boot.test.context.filter.ExcludeFilterContextCustomizer@ea9b7c6, org.springframework.boot.test.json.DuplicateJsonObjectContextCustomizerFactory$DuplicateJsonObjectContextCustomizer@a8e6492, org.springframework.boot.test.mock.mockito.MockitoContextCustomizer@0, org.springframework.boot.test.web.client.TestRestTemplateContextCustomizer@5b07730f, org.springframework.boot.test.context.SpringBootTestArgs@1, org.springframework.boot.test.context.SpringBootTestWebEnvironment@3336e6b6], resourceBasePath = 'src/main/webapp', contextLoader = 'org.springframework.boot.test.context.SpringBootContextLoader', parent = [null]], attributes = map['org.springframework.test.context.web.ServletTestExecutionListener.activateListener' -> true]], class annotated with @DirtiesContext [false] with mode [null].

  .   ____          _            __ _ _
 /\\ / ___'_ __ _ _(_)_ __  __ _ \ \ \ \
( ( )\___ | '_ | '_| | '_ \/ _` | \ \ \ \
 \\/  ___)| |_)| | | | | || (_| |  ) ) ) )
  '  |____| .__|_| |_|_| |_\__, | / / / /
 =========|_|==============|___/=/_/_/_/
 :: Spring Boot ::               (v2.7.12)

2023-06-18 16:02:20.960  INFO 27936 --- [    Test worker] c.e.b.BlackbellUserApplicationTests      : Starting BlackbellUserApplicationTests using Java 11.0.17 on Cheshire_Cat with PID 27936 (started by am23a in C:\Users\am23a\Black_Bell\blackbell_user)
2023-06-18 16:02:20.961  INFO 27936 --- [    Test worker] c.e.b.BlackbellUserApplicationTests      : No active profile set, falling back to 1 default profile: "default"
2023-06-18 16:02:21.570  INFO 27936 --- [    Test worker] o.s.cloud.context.scope.GenericScope     : BeanFactory id=c505e655-5224-32d4-b0c7-f367ea0d87ce
2023-06-18 16:02:22.775  INFO 27936 --- [    Test worker] DiscoveryClientOptionalArgsConfiguration : Eureka HTTP Client uses RestTemplate.
2023-06-18 16:02:23.237  WARN 27936 --- [    Test worker] iguration$LoadBalancerCaffeineWarnLogger : Spring Cloud LoadBalancer is currently working with the default cache. While this cache implementation is useful for development and tests, it's recommended to use Caffeine cache in production.You can switch to using Caffeine cache, by adding it and org.springframework.cache.caffeine.CaffeineCacheManager to the classpath.
2023-06-18 16:02:23.261  INFO 27936 --- [    Test worker] c.e.b.BlackbellUserApplicationTests      : Started BlackbellUserApplicationTests in 2.924 seconds (JVM running for 4.423)
]]></system-out>
  <system-err><![CDATA[]]></system-err>
</testsuite>
